<?xml version="1.0" encoding="UTF-8"?>
<!-- Generated by org.testng.reporters.JUnitXMLReporter -->
<testsuite hostname="rahul-Latitude-3480" name="Default test" tests="6" failures="0" timestamp="16 Jul 2019 19:24:05 GMT" time="3.908" errors="0">
  <testcase name="Test_Delete" time="2.218" classname="com.test.api.CombinedTest"/>
  <testcase name="Test_Delete" time="2.218" classname="com.test.api.CombinedTest"/>
  <testcase name="test_Get" time="0.634" classname="com.test.api.CombinedTest"/>
  <testcase name="test_Get" time="0.634" classname="com.test.api.CombinedTest"/>
  <testcase name="test_Post" time="1.03" classname="com.test.api.CombinedTest"/>
  <testcase name="test_Post" time="1.03" classname="com.test.api.CombinedTest"/>
</testsuite> <!-- Default test -->
