<?xml version="1.0" encoding="UTF-8"?>
<testng-results skipped="0" failed="0" ignored="0" total="1" passed="1">
  <reporter-output>
  </reporter-output>
  <suite name="Default suite" duration-ms="2276" started-at="2019-07-14T13:15:37Z" finished-at="2019-07-14T13:15:40Z">
    <groups>
    </groups>
    <test name="Default test" duration-ms="2276" started-at="2019-07-14T13:15:37Z" finished-at="2019-07-14T13:15:40Z">
      <class name="basic">
        <test-method status="PASS" signature="tst1()[pri:0, instance:basic@4667ae56]" name="tst1" duration-ms="2253" started-at="2019-07-14T18:45:37Z" finished-at="2019-07-14T18:45:40Z">
          <reporter-output>
          </reporter-output>
        </test-method> <!-- tst1 -->
      </class> <!-- basic -->
    </test> <!-- Default test -->
  </suite> <!-- Default suite -->
</testng-results>
