<?xml version="1.0" encoding="UTF-8"?>
<testng-results skipped="0" failed="0" total="1" passed="1">
  <reporter-output>
  </reporter-output>
  <suite name="Default suite" duration-ms="2366" started-at="2019-07-28T17:55:54Z" finished-at="2019-07-28T17:55:56Z">
    <groups>
    </groups>
    <test name="Default test" duration-ms="2366" started-at="2019-07-28T17:55:54Z" finished-at="2019-07-28T17:55:56Z">
      <class name="com.test.api.BasicPOSTGET">
        <test-method status="PASS" signature="postGetRequest()[pri:0, instance:com.test.api.BasicPOSTGET@42d80b78]" name="postGetRequest" duration-ms="2341" started-at="2019-07-28T23:25:54Z" finished-at="2019-07-28T23:25:56Z">
          <reporter-output>
          </reporter-output>
        </test-method> <!-- postGetRequest -->
      </class> <!-- com.test.api.BasicPOSTGET -->
    </test> <!-- Default test -->
  </suite> <!-- Default suite -->
</testng-results>
