<?xml version="1.0" encoding="UTF-8"?>
<testng-results skipped="0" failed="0" total="3" passed="3">
  <reporter-output>
  </reporter-output>
  <suite name="Default suite" duration-ms="3908" started-at="2019-07-16T19:24:01Z" finished-at="2019-07-16T19:24:05Z">
    <groups>
    </groups>
    <test name="Default test" duration-ms="3908" started-at="2019-07-16T19:24:01Z" finished-at="2019-07-16T19:24:05Z">
      <class name="com.test.api.CombinedTest">
        <test-method status="PASS" signature="getData()[pri:0, instance:com.test.api.CombinedTest@5e3a8624]" name="getData" is-config="true" duration-ms="7" started-at="2019-07-17T00:54:01Z" finished-at="2019-07-17T00:54:01Z">
          <reporter-output>
          </reporter-output>
        </test-method> <!-- getData -->
        <test-method status="PASS" signature="Test_Delete()[pri:0, instance:com.test.api.CombinedTest@5e3a8624]" name="Test_Delete" duration-ms="2218" started-at="2019-07-17T00:54:01Z" finished-at="2019-07-17T00:54:03Z">
          <reporter-output>
          </reporter-output>
        </test-method> <!-- Test_Delete -->
        <test-method status="PASS" signature="test_Get()[pri:0, instance:com.test.api.CombinedTest@5e3a8624]" name="test_Get" duration-ms="634" started-at="2019-07-17T00:54:03Z" finished-at="2019-07-17T00:54:04Z">
          <reporter-output>
          </reporter-output>
        </test-method> <!-- test_Get -->
        <test-method status="PASS" signature="test_Post()[pri:0, instance:com.test.api.CombinedTest@5e3a8624]" name="test_Post" duration-ms="1030" started-at="2019-07-17T00:54:04Z" finished-at="2019-07-17T00:54:05Z">
          <reporter-output>
          </reporter-output>
        </test-method> <!-- test_Post -->
      </class> <!-- com.test.api.CombinedTest -->
    </test> <!-- Default test -->
  </suite> <!-- Default suite -->
</testng-results>
